[    0.000000] Initializing cgroup subsys cpuset
[    0.000000] Initializing cgroup subsys cpu
[    0.000000] Initializing cgroup subsys cpuacct
[    0.000000] Linux version 4.4.0-210-generic (buildd@lgw01-amd64-009) (gcc version 5.4.0 20160609 (Ubuntu 5.4.0-6ubuntu1~16.04.12) ) #242-Ubuntu SMP Fri Apr 16 09:57:56 UTC 2021 (Ubuntu 4.4.0-210.242-generic 4.4.262)
[    0.000000] Command line: BOOT_IMAGE=/boot/vmlinuz-4.4.0-210-generic root=LABEL=cloudimg-rootfs ro console=tty1 console=ttyS0
[    0.000000] KERNEL supported cpus:
[    0.000000]   Intel GenuineIntel
[    0.000000]   AMD AuthenticAMD
[    0.000000]   Centaur CentaurHauls
[    0.000000] x86/fpu: xstate_offset[2]:  576, xstate_sizes[2]:  256
[    0.000000] x86/fpu: Supporting XSAVE feature 0x01: 'x87 floating point registers'
[    0.000000] x86/fpu: Supporting XSAVE feature 0x02: 'SSE registers'
[    0.000000] x86/fpu: Supporting XSAVE feature 0x04: 'AVX registers'
[    0.000000] x86/fpu: Enabled xstate features 0x7, context size is 832 bytes, using 'standard' format.
[    0.000000] e820: BIOS-provided physical RAM map:
[    0.000000] BIOS-e820: [mem 0x0000000000000000-0x000000000009fbff] usable
[    0.000000] BIOS-e820: [mem 0x000000000009fc00-0x000000000009ffff] reserved
[    0.000000] BIOS-e820: [mem 0x00000000000f0000-0x00000000000fffff] reserved
[    0.000000] BIOS-e820: [mem 0x0000000000100000-0x000000003ffeffff] usable
[    0.000000] BIOS-e820: [mem 0x000000003fff0000-0x000000003fffffff] ACPI data
[    0.000000] BIOS-e820: [mem 0x00000000fec00000-0x00000000fec00fff] reserved
[    0.000000] BIOS-e820: [mem 0x00000000fee00000-0x00000000fee00fff] reserved
[    0.000000] BIOS-e820: [mem 0x00000000fffc0000-0x00000000ffffffff] reserved
[    0.000000] NX (Execute Disable) protection: active
[    0.000000] SMBIOS 2.5 present.
[    0.000000] Hypervisor detected: KVM
[    0.000000] e820: last_pfn = 0x3fff0 max_arch_pfn = 0x400000000
[    0.000000] MTRR: Disabled
[    0.000000] x86/PAT: MTRRs disabled, skipping PAT initialization too.
[    0.000000] CPU MTRRs all blank - virtualized system.
[    0.000000] x86/PAT: Configuration [0-7]: WB  WT  UC- UC  WB  WT  UC- UC  
[    0.000000] found SMP MP-table at [mem 0x0009fff0-0x0009ffff] mapped at [ffff88000009fff0]
[    0.000000] Scanning 1 areas for low memory corruption
[    0.000000] RAMDISK: [mem 0x362dc000-0x37165fff]
[    0.000000] ACPI: Early table checksum verification disabled
[    0.000000] ACPI: RSDP 0x00000000000E0000 000024 (v02 VBOX  )
[    0.000000] ACPI: XSDT 0x000000003FFF0030 00003C (v01 VBOX   VBOXXSDT 00000001 ASL  00000061)
[    0.000000] ACPI: FACP 0x000000003FFF00F0 0000F4 (v04 VBOX   VBOXFACP 00000001 ASL  00000061)
[    0.000000] ACPI: DSDT 0x000000003FFF0610 002353 (v02 VBOX   VBOXBIOS 00000002 INTL 20200528)
[    0.000000] ACPI: FACS 0x000000003FFF0200 000040
[    0.000000] ACPI: FACS 0x000000003FFF0200 000040
[    0.000000] ACPI: APIC 0x000000003FFF0240 00005C (v02 VBOX   VBOXAPIC 00000001 ASL  00000061)
[    0.000000] ACPI: SSDT 0x000000003FFF02A0 00036C (v01 VBOX   VBOXCPUT 00000002 INTL 20200528)
[    0.000000] No NUMA configuration found
[    0.000000] Faking a node at [mem 0x0000000000000000-0x000000003ffeffff]
[    0.000000] NODE_DATA(0) allocated [mem 0x3ffeb000-0x3ffeffff]
[    0.000000] kvm-clock: Using msrs 4b564d01 and 4b564d00
[    0.000000] kvm-clock: cpu 0, msr 0:3ffe3001, primary cpu clock
[    0.000000] kvm-clock: using sched offset of 3659557964 cycles
[    0.000000] clocksource: kvm-clock: mask: 0xffffffffffffffff max_cycles: 0x1cd42e4dffb, max_idle_ns: 881590591483 ns
[    0.000000] Zone ranges:
[    0.000000]   DMA      [mem 0x0000000000001000-0x0000000000ffffff]
[    0.000000]   DMA32    [mem 0x0000000001000000-0x000000003ffeffff]
[    0.000000]   Normal   empty
[    0.000000]   Device   empty
[    0.000000] Movable zone start for each node
[    0.000000] Early memory node ranges
[    0.000000]   node   0: [mem 0x0000000000001000-0x000000000009efff]
[    0.000000]   node   0: [mem 0x0000000000100000-0x000000003ffeffff]
[    0.000000] Initmem setup node 0 [mem 0x0000000000001000-0x000000003ffeffff]
[    0.000000] ACPI: PM-Timer IO Port: 0x4008
[    0.000000] IOAPIC[0]: apic_id 2, version 32, address 0xfec00000, GSI 0-23
[    0.000000] ACPI: INT_SRC_OVR (bus 0 bus_irq 0 global_irq 2 dfl dfl)
[    0.000000] ACPI: INT_SRC_OVR (bus 0 bus_irq 9 global_irq 9 low level)
[    0.000000] Using ACPI (MADT) for SMP configuration information
[    0.000000] smpboot: Allowing 2 CPUs, 0 hotplug CPUs
[    0.000000] PM: Registered nosave memory: [mem 0x00000000-0x00000fff]
[    0.000000] PM: Registered nosave memory: [mem 0x0009f000-0x0009ffff]
[    0.000000] PM: Registered nosave memory: [mem 0x000a0000-0x000effff]
[    0.000000] PM: Registered nosave memory: [mem 0x000f0000-0x000fffff]
[    0.000000] e820: [mem 0x40000000-0xfebfffff] available for PCI devices
[    0.000000] Booting paravirtualized kernel on KVM
[    0.000000] clocksource: refined-jiffies: mask: 0xffffffff max_cycles: 0xffffffff, max_idle_ns: 7645519600211568 ns
[    0.000000] setup_percpu: NR_CPUS:512 nr_cpumask_bits:512 nr_cpu_ids:2 nr_node_ids:1
[    0.000000] PERCPU: Embedded 33 pages/cpu @ffff88003fc00000 s95192 r8192 d31784 u1048576
[    0.000000] Built 1 zonelists in Node order, mobility grouping on.  Total pages: 257912
[    0.000000] Policy zone: DMA32
[    0.000000] Kernel command line: BOOT_IMAGE=/boot/vmlinuz-4.4.0-210-generic root=LABEL=cloudimg-rootfs ro console=tty1 console=ttyS0
[    0.000000] PID hash table entries: 4096 (order: 3, 32768 bytes)
[    0.000000] Memory: 997792K/1048120K available (8644K kernel code, 1332K rwdata, 4044K rodata, 1492K init, 1164K bss, 50328K reserved, 0K cma-reserved)
[    0.000000] SLUB: HWalign=64, Order=0-3, MinObjects=0, CPUs=2, Nodes=1
[    0.000000] Kernel/User page tables isolation: enabled
[    0.000000] Hierarchical RCU implementation.
[    0.000000] 	Build-time adjustment of leaf fanout to 64.
[    0.000000] 	RCU restricting CPUs from NR_CPUS=512 to nr_cpu_ids=2.
[    0.000000] RCU: Adjusting geometry for rcu_fanout_leaf=64, nr_cpu_ids=2
[    0.000000] NR_IRQS:33024 nr_irqs:440 16
[    0.000000] Console: colour VGA+ 80x25
[    0.000000] console [tty1] enabled
[    0.000000] console [ttyS0] enabled
[    0.000000] tsc: Detected 2817.152 MHz processor
[    0.505331] Calibrating delay loop (skipped) preset value.. 5634.30 BogoMIPS (lpj=11268608)
[    0.512906] pid_max: default: 32768 minimum: 301
[    0.516189] ACPI: Core revision 20150930
[    0.520511] ACPI: 2 ACPI AML tables successfully acquired and loaded
[    0.525684] Security Framework initialized
[    0.528618] Yama: becoming mindful.
[    0.531178] AppArmor: AppArmor initialized
[    0.534538] Dentry cache hash table entries: 131072 (order: 8, 1048576 bytes)
[    0.541409] Inode-cache hash table entries: 65536 (order: 7, 524288 bytes)
[    0.546512] Mount-cache hash table entries: 2048 (order: 2, 16384 bytes)
[    0.551102] Mountpoint-cache hash table entries: 2048 (order: 2, 16384 bytes)
[    0.556740] Initializing cgroup subsys io
[    0.559814] Initializing cgroup subsys memory
[    0.563338] Initializing cgroup subsys devices
[    0.566564] Initializing cgroup subsys freezer
[    0.569719] Initializing cgroup subsys net_cls
[    0.573836] Initializing cgroup subsys perf_event
[    0.578275] Initializing cgroup subsys net_prio
[    0.582789] Initializing cgroup subsys hugetlb
[    0.586276] Initializing cgroup subsys pids
[    0.607448] mce: CPU supports 0 MCE banks
[    0.611620] Last level iTLB entries: 4KB 64, 2MB 8, 4MB 8
[    0.616053] Last level dTLB entries: 4KB 64, 2MB 0, 4MB 0, 1GB 4
[    0.621388] Spectre V1 : Mitigation: usercopy/swapgs barriers and __user pointer sanitization
[    0.628168] Spectre V2 : Mitigation: Full generic retpoline
[    0.632962] Spectre V2 : Spectre v2 / SpectreRSB mitigation: Filling RSB on context switch
[    0.640958] Speculative Store Bypass: Vulnerable
[    0.645463] SRBDS: Unknown: Dependent on hypervisor status
[    0.651458] MDS: Mitigation: Clear CPU buffers
[    0.693255] Freeing SMP alternatives memory: 36K
[    0.778995] ftrace: allocating 32380 entries in 127 pages
[    1.244392] smpboot: APIC(0) Converting physical 0 to logical package 0
[    1.249611] smpboot: Max logical packages: 1
[    1.255058] x2apic enabled
[    1.258678] Switched APIC routing to physical x2apic.
[    1.269493] ..TIMER: vector=0x30 apic1=0 pin1=2 apic2=-1 pin2=-1
[    1.382626] smpboot: CPU0: Intel(R) Core(TM) i7-8569U CPU @ 2.80GHz (family: 0x6, model: 0x8e, stepping: 0xa)
[    1.389211] Performance Events: unsupported p6 CPU model 142 no PMU driver, software events only.
[    1.463125] KVM setup paravirtual spinlock
[    1.467589] x86: Booting SMP configuration:
[    1.470132] .... node  #0, CPUs:      #1
[    1.473709] kvm-clock: cpu 1, msr 0:3ffe3041, secondary cpu clock
[    1.492582] mce: CPU supports 0 MCE banks
[    1.496856] x86: Booted up 1 node, 2 CPUs
[    1.500801] smpboot: Total of 2 processors activated (11268.60 BogoMIPS)
[    1.507791] devtmpfs: initialized
[    1.511728] evm: security.selinux
[    1.513787] evm: security.SMACK64
[    1.515774] evm: security.SMACK64EXEC
[    1.517955] evm: security.SMACK64TRANSMUTE
[    1.520352] evm: security.SMACK64MMAP
[    1.522969] evm: security.ima
[    1.524750] evm: security.capability
[    1.527297] clocksource: jiffies: mask: 0xffffffff max_cycles: 0xffffffff, max_idle_ns: 7645041785100000 ns
[    1.532845] futex hash table entries: 512 (order: 3, 32768 bytes)
[    1.536562] pinctrl core: initialized pinctrl subsystem
[    1.540642] RTC time:  0:05:05, date: 04/11/23
[    1.543745] NET: Registered protocol family 16
[    1.554878] cpuidle: using governor ladder
[    1.568624] cpuidle: using governor menu
[    1.570960] PCCT header not found.
[    1.573127] ACPI: bus type PCI registered
[    1.575489] acpiphp: ACPI Hot Plug PCI Controller Driver version: 0.5
[    1.579725] PCI: Using configuration type 1 for base access
[    1.594730] ACPI: Added _OSI(Module Device)
[    1.597227] ACPI: Added _OSI(Processor Device)
[    1.599950] ACPI: Added _OSI(3.0 _SCP Extensions)
[    1.602656] ACPI: Added _OSI(Processor Aggregator Device)
[    1.606537] ACPI: Executed 1 blocks of module-level executable AML code
[    1.613223] ACPI: Interpreter enabled
[    1.615393] ACPI: (supports S0 S5)
[    1.617390] ACPI: Using IOAPIC for interrupt routing
[    1.620554] PCI: Using host bridge windows from ACPI; if necessary, use "pci=nocrs" and report a bug
[    1.632746] ACPI: PCI Root Bridge [PCI0] (domain 0000 [bus 00-ff])
[    1.636214] acpi PNP0A03:00: _OSC: OS supports [ASPM ClockPM Segments MSI]
[    1.641888] acpi PNP0A03:00: _OSC: not requesting OS control; OS requires [ExtendedConfig ASPM ClockPM MSI]
[    1.647514] acpi PNP0A03:00: fail to add MMCONFIG information, can't access extended PCI configuration space under this bridge.
[    1.655167] PCI host bridge to bus 0000:00
[    1.657436] pci_bus 0000:00: root bus resource [io  0x0000-0x0cf7 window]
[    1.661059] pci_bus 0000:00: root bus resource [io  0x0d00-0xffff window]
[    1.664775] pci_bus 0000:00: root bus resource [mem 0x000a0000-0x000bffff window]
[    1.669370] pci_bus 0000:00: root bus resource [mem 0x40000000-0xfdffffff window]
[    1.673455] pci_bus 0000:00: root bus resource [bus 00-ff]
[    1.681529] pci 0000:00:01.1: legacy IDE quirk: reg 0x10: [io  0x01f0-0x01f7]
[    1.685408] pci 0000:00:01.1: legacy IDE quirk: reg 0x14: [io  0x03f6]
[    1.689553] pci 0000:00:01.1: legacy IDE quirk: reg 0x18: [io  0x0170-0x0177]
[    1.703507] pci 0000:00:01.1: legacy IDE quirk: reg 0x1c: [io  0x0376]
[    1.746159] pci 0000:00:07.0: quirk: [io  0x4000-0x403f] claimed by PIIX4 ACPI
[    1.750254] pci 0000:00:07.0: quirk: [io  0x4100-0x410f] claimed by PIIX4 SMB
[    1.765818] ACPI: PCI Interrupt Link [LNKA] (IRQs 5 9 10 *11)
[    1.770691] ACPI: PCI Interrupt Link [LNKB] (IRQs 5 9 *10 11)
[    1.775272] ACPI: PCI Interrupt Link [LNKC] (IRQs 5 *9 10 11)
[    1.780550] ACPI: PCI Interrupt Link [LNKD] (IRQs 5 9 10 *11)
[    1.785270] ACPI: Enabled 2 GPEs in block 00 to 07
[    1.788750] vgaarb: setting as boot device: PCI:0000:00:02.0
[    1.791823] vgaarb: device added: PCI:0000:00:02.0,decodes=io+mem,owns=io+mem,locks=none
[    1.796272] vgaarb: loaded
[    1.797945] vgaarb: bridge control possible 0000:00:02.0
[    1.801039] SCSI subsystem initialized
[    1.803508] ACPI: bus type USB registered
[    1.806207] usbcore: registered new interface driver usbfs
[    1.809562] usbcore: registered new interface driver hub
[    1.812440] usbcore: registered new device driver usb
[    1.816569] PCI: Using ACPI for IRQ routing
[    1.819787] NetLabel: Initializing
[    1.821753] NetLabel:  domain hash size = 128
[    1.824644] NetLabel:  protocols = UNLABELED CIPSOv4
[    1.827401] NetLabel:  unlabeled traffic allowed by default
[    1.830633] amd_nb: Cannot enumerate AMD northbridges
[    1.833728] clocksource: Switched to clocksource kvm-clock
[    1.851183] AppArmor: AppArmor Filesystem Enabled
[    1.853958] pnp: PnP ACPI init
[    1.857215] pnp: PnP ACPI: found 3 devices
[    1.874419] clocksource: acpi_pm: mask: 0xffffff max_cycles: 0xffffff, max_idle_ns: 2085701024 ns
[    1.879686] NET: Registered protocol family 2
[    1.882488] TCP established hash table entries: 8192 (order: 4, 65536 bytes)
[    1.886233] TCP bind hash table entries: 8192 (order: 5, 131072 bytes)
[    1.890097] TCP: Hash tables configured (established 8192 bind 8192)
[    1.893521] UDP hash table entries: 512 (order: 2, 16384 bytes)
[    1.896832] UDP-Lite hash table entries: 512 (order: 2, 16384 bytes)
[    1.900738] NET: Registered protocol family 1
[    1.903145] pci 0000:00:00.0: Limiting direct PCI/PCI transfers
[    1.906370] pci 0000:00:01.0: Activating ISA DMA hang workarounds
[    1.910028] Unpacking initramfs...
[    2.134322] Freeing initrd memory: 14888K
[    2.139413] clocksource: tsc: mask: 0xffffffffffffffff max_cycles: 0x289b8b655f4, max_idle_ns: 440795205123 ns
[    2.146789] platform rtc_cmos: registered platform RTC device (no PNP device found)
[    2.151371] Scanning for low memory corruption every 60 seconds
[    2.155528] audit: initializing netlink subsys (disabled)
[    2.158797] audit: type=2000 audit(1681171510.179:1): initialized
[    2.162506] Initialise system trusted keyring
[    2.166822] HugeTLB registered 2 MB page size, pre-allocated 0 pages
[    2.171799] zbud: loaded
[    2.174581] VFS: Disk quotas dquot_6.6.0
[    2.177003] VFS: Dquot-cache hash table entries: 512 (order 0, 4096 bytes)
[    2.180999] squashfs: version 4.0 (2009/01/31) Phillip Lougher
[    2.184962] fuse init (API version 7.23)
[    2.188248] Key type big_key registered
[    2.191558] Allocating IMA MOK and blacklist keyrings.
[    2.199057] Key type asymmetric registered
[    2.202507] Asymmetric key parser 'x509' registered
[    2.205483] Block layer SCSI generic (bsg) driver version 0.4 loaded (major 249)
[    2.210461] io scheduler noop registered
[    2.212767] io scheduler deadline registered (default)
[    2.215748] io scheduler cfq registered
[    2.218329] pci_hotplug: PCI Hot Plug PCI Core version: 0.5
[    2.221429] pciehp: PCI Express Hot Plug Controller Driver version: 0.4
[    2.226343] ACPI: AC Adapter [AC] (off-line)
[    2.229243] input: Power Button as /devices/LNXSYSTM:00/LNXPWRBN:00/input/input0
[    2.233575] ACPI: Power Button [PWRF]
[    2.237094] input: Sleep Button as /devices/LNXSYSTM:00/LNXSLPBN:00/input/input1
[    2.242696] ACPI: Sleep Button [SLPF]
[    2.246896] GHES: HEST is not enabled!
[    2.250836] ACPI: Battery Slot [BAT0] (battery present)
[    2.253949] Serial: 8250/16550 driver, 32 ports, IRQ sharing enabled
[    2.284024] 00:02: ttyS0 at I/O 0x3f8 (irq = 4, base_baud = 115200) is a 16550A
[    2.290898] Linux agpgart interface v0.103
[    2.296562] loop: module loaded
[    2.299944] scsi host0: ata_piix
[    2.302983] scsi host1: ata_piix
[    2.305401] ata1: PATA max UDMA/33 cmd 0x1f0 ctl 0x3f6 bmdma 0xd000 irq 14
[    2.309778] ata2: PATA max UDMA/33 cmd 0x170 ctl 0x376 bmdma 0xd008 irq 15
[    2.314712] libphy: Fixed MDIO Bus: probed
[    2.337237] tun: Universal TUN/TAP device driver, 1.6
[    2.342147] tun: (C) 1999-2004 Max Krasnyansky <maxk@qualcomm.com>
[    2.347341] PPP generic driver version 2.4.2
[    2.351148] ehci_hcd: USB 2.0 'Enhanced' Host Controller (EHCI) Driver
[    2.358529] ehci-pci: EHCI PCI platform driver
[    2.364780] ehci-platform: EHCI generic platform driver
[    2.368958] ohci_hcd: USB 1.1 'Open' Host Controller (OHCI) Driver
[    2.374096] ohci-pci: OHCI PCI platform driver
[    2.378305] ohci-platform: OHCI generic platform driver
[    2.383865] uhci_hcd: USB Universal Host Controller Interface driver
[    2.389277] i8042: PNP: PS/2 Controller [PNP0303:PS2K,PNP0f03:PS2M] at 0x60,0x64 irq 1,12
[    2.398684] serio: i8042 KBD port at 0x60,0x64 irq 1
[    2.402810] serio: i8042 AUX port at 0x60,0x64 irq 12
[    2.408147] mousedev: PS/2 mouse device common for all mice
[    2.416074] rtc_cmos rtc_cmos: rtc core: registered rtc_cmos as rtc0
[    2.416111] input: AT Translated Set 2 keyboard as /devices/platform/i8042/serio0/input/input2
[    2.430018] rtc_cmos rtc_cmos: alarms up to one day, 114 bytes nvram
[    2.436051] i2c /dev entries driver
[    2.439003] device-mapper: uevent: version 1.0.3
[    2.442956] device-mapper: ioctl: 4.34.0-ioctl (2015-10-28) initialised: dm-devel@redhat.com
[    2.449858] ledtrig-cpu: registered to indicate activity on CPUs
[    2.456726] NET: Registered protocol family 10
[    2.459738] NET: Registered protocol family 17
[    2.462250] Key type dns_resolver registered
[    2.465569] registered taskstats version 1
[    2.467837] Loading compiled-in X.509 certificates
[    2.486444] Loaded X.509 cert 'Build time autogenerated kernel key: cf00e047681d67edb2720680708b7d9498083038'
[    2.493134] zswap: loaded using pool lzo/zbud
[    2.523562] Key type trusted registered
[    2.530085] Key type encrypted registered
[    2.532436] AppArmor: AppArmor sha1 policy hashing enabled
[    2.535649] ima: No TPM chip found, activating TPM-bypass!
[    2.539578] ima: Allocated hash algorithm: sha1
[    2.542552] evm: HMAC attrs: 0x1
[    2.545715]   Magic number: 3:323:51
[    2.548519] rtc_cmos rtc_cmos: setting system clock to 2023-04-11 00:05:06 UTC (1681171506)
[    2.553779] BIOS EDD facility v0.16 2004-Jun-25, 0 devices found
[    2.557384] EDD information not available.
[    2.561493] Freeing unused kernel memory: 1492K
[    2.574979] Write protecting the kernel read-only data: 14336k
[    2.579407] Freeing unused kernel memory: 1584K
[    2.582310] Freeing unused kernel memory: 52K
Loading, please wait...
starting version 229
[    2.600378] random: systemd-udevd: uninitialized urandom read (16 bytes read, 5 bits of entropy available)
[    2.601557] random: udevadm: uninitialized urandom read (16 bytes read, 5 bits of entropy available)
[    2.601594] random: udevadm: uninitialized urandom read (16 bytes read, 5 bits of entropy available)
[    2.617493] random: udevadm: uninitialized urandom read (16 bytes read, 5 bits of entropy available)
[    2.617537] random: udevadm: uninitialized urandom read (16 bytes read, 5 bits of entropy available)
[    2.617820] random: udevadm: uninitialized urandom read (16 bytes read, 5 bits of entropy available)
[    2.617979] random: udevadm: uninitialized urandom read (16 bytes read, 5 bits of entropy available)
[    2.618083] random: udevadm: uninitialized urandom read (16 bytes read, 5 bits of entropy available)
[    2.618185] random: udevadm: uninitialized urandom read (16 bytes read, 5 bits of entropy available)
[    2.618301] random: udevadm: uninitialized urandom read (16 bytes read, 5 bits of entropy available)
[    2.712451] Fusion MPT base driver 3.04.20
[    2.714985] Copyright (c) 1999-2008 LSI Corporation
[    2.718073] e1000: Intel(R) PRO/1000 Network Driver - version 7.3.21-k8-NAPI
[    2.722955] e1000: Copyright (c) 1999-2006 Intel Corporation.
[    2.741459] AVX2 version of gcm_enc/dec engaged.
[    2.744544] AES CTR mode by8 optimization enabled
[    2.770656] Fusion MPT SPI Host driver 3.04.20
[    2.952588] input: ImExPS/2 Generic Explorer Mouse as /devices/platform/i8042/serio1/input/input4
[    3.243906] e1000 0000:00:03.0 eth0: (PCI:33MHz:32-bit) 02:be:82:6b:cc:1d
[    3.247954] e1000 0000:00:03.0 eth0: Intel(R) PRO/1000 Network Connection
[    3.253763] mptbase: ioc0: Initiating bringup
[    3.327220] ioc0: LSI53C1030 A0: Capabilities={Initiator}
[    3.494848] scsi host2: ioc0: LSI53C1030 A0, FwRev=00000000h, Ports=1, MaxQ=256, IRQ=20
[    3.610848] scsi 2:0:0:0: Direct-Access     VBOX     HARDDISK         1.0  PQ: 0 ANSI: 5
[    3.615620] scsi target2:0:0: Beginning Domain Validation
[    3.620529] scsi target2:0:0: Domain Validation skipping write tests
[    3.623889] scsi target2:0:0: Ending Domain Validation
[    3.626774] scsi target2:0:0: asynchronous
[    3.630622] scsi 2:0:1:0: Direct-Access     VBOX     HARDDISK         1.0  PQ: 0 ANSI: 5
[    3.634938] scsi target2:0:1: Beginning Domain Validation
[    3.640897] scsi target2:0:1: Domain Validation skipping write tests
[    3.646373] scsi target2:0:1: Ending Domain Validation
[    3.649598] scsi target2:0:1: asynchronous
[    3.684124] sd 2:0:0:0: [sda] 83886080 512-byte logical blocks: (42.9 GB/40.0 GiB)
[    3.688767] sd 2:0:0:0: Attached scsi generic sg0 type 0
[    3.693038] sd 2:0:1:0: [sdb] 20480 512-byte logical blocks: (10.5 MB/10.0 MiB)
[    3.698466] sd 2:0:1:0: Attached scsi generic sg1 type 0
[    3.702224] sd 2:0:1:0: [sdb] Write Protect is off
[    3.705398] sd 2:0:1:0: [sdb] Incomplete mode parameter data
[    3.709117] sd 2:0:1:0: [sdb] Assuming drive cache: write through
[    3.713388] sd 2:0:0:0: [sda] Write Protect is off
[    3.716571] sd 2:0:0:0: [sda] Incomplete mode parameter data
[    3.720844] sd 2:0:0:0: [sda] Assuming drive cache: write through
[    3.727634]  sda: sda1
[    3.731648] sd 2:0:0:0: [sda] Attached SCSI disk
[    3.736319] sd 2:0:1:0: [sdb] Attached SCSI disk
[    4.068914] e1000 0000:00:08.0 eth1: (PCI:33MHz:32-bit) 08:00:27:c1:0e:00
[    4.073572] e1000 0000:00:08.0 eth1: Intel(R) PRO/1000 Network Connection
[    4.079829] e1000 0000:00:08.0 enp0s8: renamed from eth1
[    4.095107] e1000 0000:00:03.0 enp0s3: renamed from eth0
Begin: Loading essential drivers ... [    5.672705] md: linear personality registered for level -1
[    5.696405] md: multipath personality registered for level -4
[    5.705599] md: raid0 personality registered for level 0
[    5.718241] md: raid1 personality registered for level 1
[    5.804480] raid6: sse2x1   gen()  8640 MB/s
[    5.881044] raid6: sse2x1   xor()  9765 MB/s
[    5.963351] raid6: sse2x2   gen() 15373 MB/s
[    6.043556] raid6: sse2x2   xor() 11610 MB/s
[    6.114274] raid6: sse2x4   gen() 16995 MB/s
[    6.186087] raid6: sse2x4   xor() 11141 MB/s
[    6.268438] raid6: avx2x1   gen() 18797 MB/s
[    6.352164] raid6: avx2x2   gen() 31409 MB/s
[    6.451999] raid6: avx2x4   gen() 43876 MB/s
[    6.455726] raid6: using algorithm avx2x4 gen() 43876 MB/s
[    6.460264] raid6: using avx2x2 recovery algorithm
[    6.464778] xor: automatically using best checksumming function:
[    6.505755]    avx       : 30717.000 MB/sec
[    6.509584] async_tx: api initialized (async)
[    6.534698] md: raid6 personality registered for level 6
[    6.538017] md: raid5 personality registered for level 5
[    6.541111] md: raid4 personality registered for level 4
[    6.557508] md: raid10 personality registered for level 10
done.
Begin: Running /scripts/init-premount ... done.
Begin: Mounting root file system ... Begin: Running /scripts/local-top ... done.
Begin: Running /scripts/local-premount ... [    6.625263] Btrfs loaded
Scanning for Btrfs filesystems
done.
Warning: fsck not present, so skipping root file system
[    6.659058] EXT4-fs (sda1): mounted filesystem with ordered data mode. Opts: (null)
done.
Begin: Running /scripts/local-bottom ... done.
Begin: Running /scripts/init-bottom ... done.
[    6.776059] systemd[1]: systemd 229 running in system mode. (+PAM +AUDIT +SELINUX +IMA +APPARMOR +SMACK +SYSVINIT +UTMP +LIBCRYPTSETUP +GCRYPT +GNUTLS +ACL +XZ -LZ4 +SECCOMP +BLKID +ELFUTILS +KMOD -IDN)
[    6.785646] systemd[1]: Detected virtualization oracle.
[    6.789456] systemd[1]: Detected architecture x86-64.

Welcome to [1mUbuntu 16.04.7 LTS[0m!

[    6.797636] systemd[1]: Set hostname to <ubuntu>.
[    6.804455] systemd[1]: Initializing machine ID from random generator.
[    6.808275] systemd[1]: Installed transient /etc/machine-id file.
[    6.975191] systemd[1]: Created slice System Slice.
[[0;32m  OK  [0m] Created slice System Slice.
[    6.980578] systemd[1]: Set up automount Arbitrary Executable File Formats File System Automount Point.
[[0;32m  OK  [0m] Set up automount Arbitrary Executab...ats File System Automount Point.
[    6.989109] systemd[1]: Listening on LVM2 poll daemon socket.
[[0;32m  OK  [0m] Listening on LVM2 poll daemon socket.
[    6.994672] systemd[1]: Listening on Journal Audit Socket.
[[0;32m  OK  [0m] Listening on Journal Audit Socket.
[    6.999811] systemd[1]: Listening on Device-mapper event daemon FIFOs.
[[0;32m  OK  [0m] Listening on Device-mapper event daemon FIFOs.
[    7.006120] systemd[1]: Listening on Journal Socket (/dev/log).
[[0;32m  OK  [0m] Listening on Journal Socket (/dev/log).
[    7.011969] systemd[1]: Started Forward Password Requests to Wall Directory Watch.
[[0;32m  OK  [0m] Started Forward Password Requests to Wall Directory Watch.
[    7.019316] systemd[1]: Listening on /dev/initctl Compatibility Named Pipe.
[[0;32m  OK  [0m] Listening on /dev/initctl Compatibility Named Pipe.
[    7.026267] systemd[1]: Created slice system-serial\x2dgetty.slice.
[[0;32m  OK  [0m] Created slice system-serial\x2dgetty.slice.
[    7.032556] systemd[1]: Listening on Journal Socket.
[[0;32m  OK  [0m] Listening on Journal Socket.
[    7.050461] systemd[1]: Starting Uncomplicated firewall...
         Starting Uncomplicated firewall...
[    7.056803] systemd[1]: Mounting Debug File System...
         Mounting Debug File System...
[    7.064076] systemd[1]: Starting Load Kernel Modules...
         Starting Load Kernel Modules...
[    7.069690] systemd[1]: Starting Set console keymap...
         Starting Set console keymap...
[    7.076682] systemd[1]: Starting Nameserver information manager...
         Starting Nameserver information manager...
[    7.084645] systemd[1]: Reached target Encrypted Volumes.
[[0;32m  OK  [0m] Reached target Encrypted Volumes.
[    7.091153] systemd[1]: Mounting Huge Pages File System...
         Mounting Huge Pages File System...
[    7.104159] systemd[1]: Started Trigger resolvconf update for networkd DNS.
[[0;32m  OK  [[    7.108739] Loading iSCSI transport class v2.0-870.
0m] Started Trigger resolvconf update for networkd DNS.
[    7.113071] systemd[1]: Mounting POSIX Message Queue File System...
         Mounting POSIX Message Queue File System...
[    7.120841] systemd[1]: Listening on LVM2 metadata daemon socket.
[[0;32m  OK  [0m] Listening on LVM2 metadata daemon socket.
[    7.128375] systemd[1]: Reached target Swap.
[[0;32m  OK  [0m] Reached target Swap.
[    7.134074] systemd[1]: Created slice User and Session Slice.
[[0;32m  OK  [0m] Created slice User and Session Slice.
[    7.140451] iscsi: registered transport (tcp)
[    7.144208] systemd[1]: Listening on udev Kernel Socket.
[[0;32m  OK  [0m] Listening on udev Kernel Socket.
[    7.150430] systemd[1]: Starting Create list of required static device nodes for the current kernel...
         Starting Create list of required st... nodes for the current kernel...
[    7.162199] systemd[1]: Listening on fsck to fsckd communication Socket.
[[0;32m  OK  [0m] Listening on fsck to fsckd communication Socket.
[    7.170149] systemd[1]: Starting File System Check on Root Device...
         Starting File System Check on Root Device...
[    7.184034] systemd[1]: Reached target System Time Synchronized.
[[0;32m  OK  [0m] Reached target System Time Synchronized.
[    7.197015] systemd[1]: Listening on Syslog Socket.
[[0;32m  OK  [0m] Listening on Syslog Socket.
[    7.203803] systemd[1]: Listening on udev Control Socket.
[[0;32m  OK  [0m] Listening on udev Control Socket.
[    7.211447] systemd[1]: Reached target Slices.
[[0;32m  OK  [0m] Reached target Slices.
[    7.234683] systemd[1]: Starting Monitoring of LVM2 mirrors, snapshots etc. using dmeventd or progress polling...
         Starting Monitoring of LVM2 mirrors... dmeventd or progress polling...
[    7.247791] systemd[1]: Starting Journal Service...
[    7.251581] iscsi: registered transport (iser)
         Starting Journal Service...
[    7.255909] systemd[1]: Reached target User and Group Name Lookups.
[[0;32m  OK  [0m] Reached target User and Group Name Lookups.
[    7.266341] systemd[1]: Mounted Huge Pages File System.
[[0;32m  OK  [0m] Mounted Huge Pages File System.
[    7.272922] systemd[1]: Mounted POSIX Message Queue File System.
[[0;32m  OK  [0m] Mounted POSIX Message Queue [    7.279529] random: nonblocking pool is initialized
File System.
[    7.282976] systemd[1]: Mounted Debug File System.
[[0;32m  OK  [0m] Mounted Debug File System.
[    7.291886] systemd[1]: Started Uncomplicated firewall.
[[0;32m  OK  [0m] Started Uncomplicated firewall.
[    7.299488] systemd[1]: Started Load Kernel Modules.
[[0;32m  OK  [0m] Started Load Kernel Modules.
[    7.306804] systemd[1]: Started Set console keymap.
[[0;32m  OK  [0m] Started Set console keymap.
[    7.323293] systemd[1]: Started Create list of required static device nodes for the current kernel.
[[0;32m  OK  [0m] Started Create list of required sta...ce nodes for the current kernel.
[    7.335397] systemd[1]: Started File System Check on Root Device.
[[0;32m  OK  [0m] Started File System Check on Root Device.
[    7.343061] systemd[1]: Started Nameserver information manager.
[[0;32m  OK  [0m] Started Nameserver information manager.
[    7.352956] systemd[1]: Started Journal Service.
[[0;32m  OK  [0m] Started Journal Service.
[[0;32m  OK  [0m] Started LVM2 metadata daemon.
[[0;32m  OK  [0m] Started File System Check Daemon to report status.
         Starting Remount Root and Kernel File Systems...
         Starting Create [    7.394620] EXT4-fs (sda1): re-mounted. Opts: (null)
Static Device Nodes in /dev...
         Starting Apply Kernel Variables...
         Mounting FUSE Control File System...
[[0;32m  OK  [0m] Mounted FUSE Control File System.
[[0;32m  OK  [0m] Started Remount Root and Kernel File Systems.
[[0;32m  OK  [0m] Started Create Static Device Nodes in /dev.
[[0;32m  OK  [0m] Started Apply Kernel Variables.
         Starting udev Kernel Device Manager...
         Starting Flush Journal to Persistent Storage...
         Starting udev Coldplug all Devices...
         Starting Load/Save Random Seed...
[[0;32m  OK  [0m] Started Flush Journal to Persistent Storage.
[[0;32m  OK  [0m] Started Load/Save Random Seed.
[[0;32m  OK  [0m] Started udev Kernel Device Manager.
[[0;32m  OK  [0m] Started udev Coldplug all Devices.
[[0;32m  OK  [0m] Started Dispatch Password Requests to Console Directory Watch.
[[0;32m  OK  [0m] Found device /dev/ttyS0.
[[0;32m  OK  [0m] Started Monitoring of LVM2 mirrors,...ng dmeventd or progress polling.
[[0;32m  OK  [0m] Reached target Local File Systems (Pre).
[[0;32m  OK  [0m] Reached target Local File Systems.
         Starting Set console font and keymap...
         Starting LSB: AppArmor initialization...
         Starting Initial cloud-init job (pre-networking)...
         Starting Create Volatile Files and Directories...
         Starting Tell Plymouth To Write Out Runtime Data...
         Starting Commit a transient machine-id on disk...
[[0;32m  OK  [0m] Listening on Load/Save RF Kill Switch Status /dev/rfkill Watch.
[[0;32m  OK  [0m] Started Create Volatile Files and Directories.
[[0;32m  OK  [0m] Started Tell Plymouth To Write Out Runtime Data.
         Starting Update UTMP about System Boot/Shutdown...
[[0;32m  OK  [0m] Started Commit a transient machine-id on disk.
[[0;32m  OK  [0m] Started Update UTMP about System Boot/Shutdown.
[    8.750906] cloud-init[535]: Cloud-init v. 21.1-19-gbad84ad4-0ubuntu1~16.04.2 running 'init-local' at Tue, 11 Apr 2023 00:05:13 +0000. Up 8.22 seconds.
[[0;32m  OK  [0m] Started Initial cloud-init job (pre-networking).
[[0;32m  OK  [0m] Reached target Network (Pre).
[[0;32m  OK  [0m] Started LSB: AppArmor initialization.
         Starting Load AppArmor profiles managed internally by snapd...
         Starting Raise network interfaces...
[[0;32m  OK  [0m] Started Load AppArmor profiles managed internally by snapd.
[[0;32m  OK  [0m] Started Set console font and keymap.
[[0;32m  OK  [0m] Created slice system-getty.slice.
[[0;32m  OK  [0m] Started Raise network interfaces.
[[0;32m  OK  [0m] Reached target Network.
         Starting Initial cloud-init job (metadata service crawler)...
[   10.905537] cloud-init[956]: Cloud-init v. 21.1-19-gbad84ad4-0ubuntu1~16.04.2 running 'init' at Tue, 11 Apr 2023 00:05:14 +0000. Up 9.93 seconds.
[   10.910437] cloud-init[956]: ci-info: ++++++++++++++++++++++++++++++++++++++Net device info+++++++++++++++++++++++++++++++++++++++
[   10.914981] cloud-init[956]: ci-info: +--------+-------+----------------------------+---------------+--------+-------------------+
[   10.919935] cloud-init[956]: ci-info: | Device |   Up  |          Address           |      Mask     | Scope  |     Hw-Address    |
[   10.925202] cloud-init[956]: ci-info: +--------+-------+----------------------------+---------------+--------+-------------------+
[   10.930665] cloud-init[956]: ci-info: | enp0s3 |  True |         10.0.2.15          | 255.255.255.0 | global | 02:be:82:6b:cc:1d |
[   10.936399] cloud-init[956]: ci-info: | enp0s3 |  True | fe80::be:82ff:fe6b:cc1d/64 |       .       |  link  | 02:be:82:6b:cc:1d |
[   10.942374] cloud-init[956]: ci-info: | enp0s8 | False |             .              |       .       |   .    | 08:00:27:c1:0e:00 |
[   10.947802] cloud-init[956]: ci-info: |   lo   |  True |         127.0.0.1          |   255.0.0.0   |  host  |         .         |
[   10.952844] cloud-init[956]: ci-info: |   lo   |  True |          ::1/128           |       .       |  host  |         .         |
[   10.958760] cloud-init[956]: ci-info: +--------+-------+----------------------------+---------------+--------+-------------------+
[   10.969202] cloud-init[956]: ci-info: +++++++++++++++++++++++++++Route IPv4 info++++++++++++++++++++++++++++
[   10.981365] cloud-init[956]: ci-info: +-------+-------------+----------+---------------+-----------+-------+
[   10.987107] cloud-init[956]: ci-info: | Route | Destination | Gateway  |    Genmask    | Interface | Flags |
[   10.992095] cloud-init[956]: ci-info: +-------+-------------+----------+---------------+-----------+-------+
[   10.998004] cloud-init[956]: ci-info: |   0   |   0.0.0.0   | 10.0.2.2 |    0.0.0.0    |   enp0s3  |   UG  |
[   11.002508] cloud-init[956]: ci-info: |   1   |   10.0.2.0  | 0.0.0.0  | 255.255.255.0 |   enp0s3  |   U   |
[   11.008066] cloud-init[956]: ci-info: +-------+-------------+----------+---------------+-----------+-------+
[   11.013911] cloud-init[956]: ci-info: +++++++++++++++++++Route IPv6 info+++++++++++++++++++
[   11.017970] cloud-init[956]: ci-info: +-------+-------------+---------+-----------+-------+
[   11.022248] cloud-init[956]: ci-info: | Route | Destination | Gateway | Interface | Flags |
[   11.027525] cloud-init[956]: ci-info: +-------+-------------+---------+-----------+-------+
[   11.031809] cloud-init[956]: ci-info: |   0   |  fe80::/64  |    ::   |   enp0s3  |   U   |
[   11.036114] cloud-init[956]: ci-info: |   3   |   ff00::/8  |    ::   |   enp0s3  |   U   |
[   11.040780] cloud-init[956]: ci-info: +-------+-------------+---------+-----------+-------+
[   11.045143] cloud-init[956]: Generating public/private rsa key pair.
[   11.050772] cloud-init[956]: Your identification has been saved in /etc/ssh/ssh_host_rsa_key.
[   11.055691] cloud-init[956]: Your public key has been saved in /etc/ssh/ssh_host_rsa_key.pub.
[   11.061196] cloud-init[956]: The key fingerprint is:
[   11.065271] cloud-init[956]: SHA256:pCCxW6ih2wI5C2AzJiVcIDMroPyI2O+0k0g4MOvud0w root@ubuntu-xenial
[   11.070101] cloud-init[956]: The key's randomart image is:
[   11.073405] cloud-init[956]: +---[RSA 2048]----+
[   11.077232] cloud-init[956]: |B.=.             |
[   11.080314] cloud-init[956]: |=B +             |
[   11.084630] cloud-init[956]: |B*+ o   .        |
[   11.088600] cloud-init[956]: |%==+ . o         |
[   11.092125] cloud-init[956]: |@=o.  . S        |
[   11.096037] cloud-init[956]: |*=.. E           |
[   11.099841] cloud-init[956]: |=o..=.           |
[   11.103390] cloud-init[956]: | o.+o+           |
[   11.106833] cloud-init[956]: |oo. +.           |
[   11.110914] cloud-init[956]: +----[SHA256]-----+
[   11.115433] cloud-init[956]: Generating public/private dsa key pair.
[   11.127761] cloud-init[956]: Your identification has been saved in /etc/ssh/ssh_host_dsa_key.
[   11.131914] cloud-init[956]: Your public key has been saved in /etc/ssh/ssh_host_dsa_key.pub.
[   11.142244] cloud-init[956]: The key fingerprint is:
[   11.143598] cloud-init[956]: SHA256:uvUG+0nP3/YQqtKRtnTMiAWga5O6QN49vHPrbmaMPxk root@ubuntu-xenial
[[0;32m  OK  [0m] Started Initial cloud-init job (metadata service crawler).
[   11.144137] cloud-init[956]: The key's randomart image is:
[   11.155651] cloud-init[956]: +---[DSA 1024]----+
[   11.156843] cloud-init[956]: |      ..         |
[[0;32m  OK  [0m] Reached target Cloud-config availability.
[   11.157205] cloud-init[956]: |     .  .        |
[   11.164871] cloud-init[956]: |    .    .       |
[   11.165183] cloud-init[956]: |     o    .      |
[   11.165688] cloud-init[956]: | .  =   So =  .  |
[   11.166035] cloud-init[956]: |o .oo. Eo * +. . |
[   11.166936] cloud-init[956]: |.... ++ +*.+. .  |
[   11.167257] cloud-init[956]: | . . oo@oo+=   o.|
[   11.168141] cloud-init[956]: |  .  .@=o+= o...+|
[   11.168509] cloud-init[956]: +----[SHA256]-----+
[   11.168897] cloud-init[956]: Generating public/private ecdsa key pair.
[[0;32m  OK  [0m] Reached target System Initialization.
[   11.169318] cloud-init[956]: Your identification has been saved in /etc/ssh/ssh_host_ecdsa_key.
[   11.184739] cloud-init[956]: Your public key has been saved in /etc/ssh/ssh_host_ecdsa_key.pub.
[   11.185465] cloud-init[956]: The key fingerprint is:
[   11.186918] cloud-init[956]: SHA256:WiYsVbEsp3d4lwV2ClT8DkZlNQ6c7g4usBhJalMWLNk root@ubuntu-xenial
[   11.187247] cloud-init[956]: The key's randomart image is:
[   11.189180] cloud-init[956]: +---[ECDSA 256]---+
[   11.189817] cloud-init[956]: |    +   oooo=o=o.|
[   11.191160] cloud-init[956]: |   o E o . ooBo .|
[   11.192250] cloud-init[956]: |    . + +  .o... |
[   11.192538] cloud-init[956]: |     * + .  o+.  |
[   11.194397] cloud-init[956]: |    * = S o.+o   |
[   11.194504] cloud-init[956]: |   + + B o o ..  |
[   11.194901] cloud-init[956]: |  . . + o . o    |
[   11.195254] cloud-init[956]: |     . . . . .   |
[   11.196254] cloud-init[956]: |          .      |
[   11.197112] cloud-init[956]: +----[SHA256]-----+
[   11.197853] cloud-init[956]: Generating public/private ed25519 key pair.
[   11.198809] cloud-init[956]: Your identification has been saved in /etc/ssh/ssh_host_ed25519_key.
[   11.199162] cloud-init[956]: Your public key has been saved in /etc/ssh/ssh_host_ed25519_key.pub.
[   11.199498] cloud-init[956]: The key fingerprint is:
[   11.199940] cloud-init[956]: SHA256:0Rszs22y3oLSx2hUwsWq43Klzu70yrkmEJ6G2org9xk root@ubuntu-xenial
[   11.201059] cloud-init[956]: The key's randomart image is:
[   11.203136] cloud-init[956]: +--[ED25519 256]--+
[   11.203406] cloud-init[956]: |         .       |
[   11.205753] cloud-init[956]: |         .o      |
[   11.205988] cloud-init[956]: |       ..o*      |
[   11.207048] cloud-init[956]: |  .     +..O     |
[   11.207856] cloud-init[956]: | o o   .So+ o    |
[   11.209795] cloud-init[956]: |. =   o o  +     |
[   11.209976] cloud-init[956]: |oo . E.* +.      |
[   11.210426] cloud-init[956]: |= ..o+Oo=.+.     |
[   11.210884] cloud-init[956]: |oo. .@X=.....    |
[   11.211560] cloud-init[956]: +----[SHA256]-----+
[[0;32m  OK  [0m] Started Daily apt download activities.
[[0;32m  OK  [0m] Started Daily apt upgrade and clean activities.
[[0;32m  OK  [0m] Listening on D-Bus System Message Bus Socket.
[[0;32m  OK  [0m] Started Ubuntu Advantage update messaging.
         Starting LXD - unix socket.
[[0;32m  OK  [0m] Started Message of the Day.
         Starting Socket activation for snappy daemon.
[[0;32m  OK  [0m] Started ACPI Events Check.
[[0;32m  OK  [0m] Reached target Paths.
[[0;32m  OK  [0m] Started Daily Cleanup of Temporary Directories.
[[0;32m  OK  [0m] Reached target Timers.
[[0;32m  OK  [0m] Listening on ACPID Listen Socket.
[[0;32m  OK  [0m] Listening on UUID daemon activation socket.
[[0;32m  OK  [0m] Reached target Network is Online.
         Starting iSCSI initiator daemon (iscsid)...
[[0;32m  OK  [0m] Listening on LXD - unix socket.
[[0;32m  OK  [0m] Listening on Socket activation for snappy daemon.
[[0;32m  OK  [0m] Reached target Sockets.
[[0;32m  OK  [0m] Reached target Basic System.
[[0;32m  OK  [0m] Started D-Bus System Message Bus.
[[0;32m  OK  [0m] Started ACPI event daemon.
         Starting System Logging Service...
[[0;32m  OK  [0m] Started FUSE filesystem for LXC.
         Starting /etc/rc.local Compatibility...
[[0;32m  OK  [0m] Started Regular background program processing daemon.
         Starting Virtualbox guest utils...
         Starting Accounts Service...
[[0;32m  OK  [0m] Started Deferred execution scheduler.
         Starting LSB: Record successful boot for GRUB...
         Starting Login Service...
         Starting Pollinate to seed the pseudo random number generator...
         Starting LSB: MD monitoring daemon...
         Starting Snap Daemon...
         Starting LXD - container startup/shutdown...
[[0;32m  OK  [0m] Started System Logging Service.
[[0;32m  OK  [0m] Started /etc/rc.local Compatibility.
[[0;32m  OK  [0m] Started iSCSI initiator daemon (iscsid).
         Starting Login to default iSCSI targets...
[[0;32m  OK  [0m] Started Login Service.
         Starting Authenticate and Authorize Users to Run Privileged Tasks...
[[0;32m  OK  [0m] Started Unattended Upgrades Shutdown.
[[0;32m  OK  [0m] Started LSB: Record successful boot for GRUB.
[[0;32m  OK  [0m] Started LSB: MD monitoring daemon.
[[0;32m  OK  [0m] Started Authenticate and Authorize Users to Run Privileged Tasks.
[[0;32m  OK  [0m] Started Login to default iSCSI targets.
[[0;32m  OK  [0m] Reached target Remote File Systems (Pre).
[[0;32m  OK  [0m] Reached target Remote File Systems.
         Starting LSB: automatic crash report generation...
         Starting LSB: Set the CPU Frequency Scaling governor to "ondemand"...
         Starting LSB: daemon to balance interrupts for SMP systems...
         Starting Permit User Sessions...
[[0;32m  OK  [0m] Started Accounts Service.
[[0;32m  OK  [0m] Started Permit User Sessions.
         Starting Terminate Plymouth Boot Screen...
         Starting Hold until boot process finishes up...
[[0;32m  OK  [0m] Started Hold until boot process finishes up.
[[0;32m  OK  [0m] Started Terminate Plymouth Boot Screen.
[[0;32m  OK  [0m] Started Serial Getty on ttyS0.
[[0;32m  OK  [0m] Started Getty on tty1.
[[0;32m  OK  [0m] Reached target Login Prompts.
         Starting Set console scheme...
[[0;32m  OK  [0m] Started LXD - container startup/shutdown.
[[0;32m  OK  [0m] Started LSB: daemon to balance interrupts for SMP systems.
[[0;32m  OK  [0m] Started Set console scheme.
[[0;32m  OK  [0m] Started LSB: Set the CPU Frequency Scaling governor to "ondemand".
[[0;32m  OK  [0m] Started LSB: automatic crash report generation.
[[0;32m  OK  [0m] Started Virtualbox guest utils.
[[0;32m  OK  [0m] Started Snap Daemon.
         Starting Wait until snapd is fully seeded...
[[0;32m  OK  [0m] Started Wait until snapd is fully seeded.
         Starting Apply the settings specified in cloud-config...
[   14.930793] cloud-init[1283]: Generating locales (this might take a while)...
[   16.402287] cloud-init[1283]:   en_US.UTF-8... done
[   16.406548] cloud-init[1283]: Generation complete.
[[0;32m  OK  [0m] Started Pollinate to seed the pseudo random number generator.
         Starting OpenBSD Secure Shell server...
[[0;32m  OK  [0m] Started OpenBSD Secure Shell server.
[[0;32m  OK  [0m] Reached target Multi-User System.
[[0;32m  OK  [0m] Reached target Graphical Interface.
         Starting Update UTMP about System Runlevel Changes...
[[0;32m  OK  [0m] Started Update UTMP about System Runlevel Changes.
[   16.907692] cloud-init[1283]: Cloud-init v. 21.1-19-gbad84ad4-0ubuntu1~16.04.2 running 'modules:config' at Tue, 11 Apr 2023 00:05:19 +0000. Up 14.76 seconds.
ci-info: no authorized SSH keys fingerprints found for user ubuntu.
<14>Apr 11 00:05:22 ec2: 
<14>Apr 11 00:05:22 ec2: #############################################################
<14>Apr 11 00:05:22 ec2: -----BEGIN SSH HOST KEY FINGERPRINTS-----
<14>Apr 11 00:05:22 ec2: 1024 SHA256:uvUG+0nP3/YQqtKRtnTMiAWga5O6QN49vHPrbmaMPxk root@ubuntu-xenial (DSA)
<14>Apr 11 00:05:22 ec2: 256 SHA256:WiYsVbEsp3d4lwV2ClT8DkZlNQ6c7g4usBhJalMWLNk root@ubuntu-xenial (ECDSA)
<14>Apr 11 00:05:22 ec2: 256 SHA256:0Rszs22y3oLSx2hUwsWq43Klzu70yrkmEJ6G2org9xk root@ubuntu-xenial (ED25519)
<14>Apr 11 00:05:22 ec2: 2048 SHA256:pCCxW6ih2wI5C2AzJiVcIDMroPyI2O+0k0g4MOvud0w root@ubuntu-xenial (RSA)
<14>Apr 11 00:05:22 ec2: -----END SSH HOST KEY FINGERPRINTS-----
<14>Apr 11 00:05:22 ec2: #############################################################
-----BEGIN SSH HOST KEY KEYS-----
ecdsa-sha2-nistp256 AAAAE2VjZHNhLXNoYTItbmlzdHAyNTYAAAAIbmlzdHAyNTYAAABBBOY7t/0ruyt+ylxFs4zlpQmbgTdzIKu6KReaKtRaWyF+FYgYIBMdCeXQtgHBOJgl2Ef6wDphhrDsPiE9LPNrdzY= root@ubuntu-xenial
ssh-ed25519 AAAAC3NzaC1lZDI1NTE5AAAAIIns6jw+Ig/qwdbWn6g2ufiewB8nEhwickXNiQlxaTvZ root@ubuntu-xenial
ssh-rsa AAAAB3NzaC1yc2EAAAADAQABAAABAQCiMT5CMXt/1hhfAdXiqcV/h978SxZNvkzoh/ni6oYSauFndZKUisEaYv9wk9cukLkPXGgWFljOTJhU6S/oQ+OlLkS79stEHLAeS8ImKOWXtqRSwo/FszNUmZLb37xA9cAk/EX7jR16JuI/pNOyVHuBqrLsF/Pp3tl/sU+SLU8XpuvFoJboAHWxoebEzGdIGTBeAgyZO7JFu4OsjGgRjucyx3d4GLxmm78mMYFGv7cyDxwgoXnDddP14cbrjb0hh1CKu2GQ0iENFdcuhTjz/P/S6aOwLtoAyTPNli4E+obEynTKQcymr9r2gA97GEU+M07a58fdIzLkQJXSJ+TOKBHt root@ubuntu-xenial
-----END SSH HOST KEY KEYS-----
[   17.660478] cloud-init[1353]: Cloud-init v. 21.1-19-gbad84ad4-0ubuntu1~16.04.2 running 'modules:final' at Tue, 11 Apr 2023 00:05:22 +0000. Up 17.39 seconds.
[   17.667648] cloud-init[1353]: ci-info: no authorized SSH keys fingerprints found for user ubuntu.
[   17.673110] cloud-init[1353]: Cloud-init v. 21.1-19-gbad84ad4-0ubuntu1~16.04.2 finished at Tue, 11 Apr 2023 00:05:22 +0000. Datasource DataSourceNoCloud [seed=/dev/sdb][dsmode=net].  Up 17.62 seconds

Ubuntu 16.04.7 LTS ubuntu-xenial ttyS0

ubuntu-xenial login: 